{"level":"INFO","time":"2022-12-07T22:03:50.832+0800","caller":"logger/logger.go:53","msg":"初始化logger完成"}
{"level":"INFO","time":"2022-12-07T22:03:50.857+0800","caller":"go_forum/main.go:45","msg":"[Info]","程序名称":"go_forum","程序版本":"v1","server port":8080}
{"level":"INFO","time":"2022-12-07T22:04:23.141+0800","caller":"go_forum/main.go:41","msg":"web server启动失败","error":"http: Server closed"}
{"level":"INFO","time":"2022-12-07T22:04:23.143+0800","caller":"go_forum/main.go:61","msg":"server退出了"}
{"level":"INFO","time":"2022-12-07T22:04:27.182+0800","caller":"logger/logger.go:53","msg":"初始化logger完成"}
{"level":"INFO","time":"2022-12-07T22:05:12.486+0800","caller":"logger/logger.go:102","msg":"/ping","status":200,"method":"GET","path":"/ping","query":"","ip":"127.0.0.1","user-agent":"Mozilla/5.0 (X11; Linux x86_64; rv:68.0) Gecko/20100101 Firefox/68.0","errors":"","cost":0.0001039}
{"level":"INFO","time":"2022-12-07T22:05:18.567+0800","caller":"go_forum/main.go:40","msg":"web server启动失败","error":"http: Server closed"}
{"level":"INFO","time":"2022-12-07T22:05:18.569+0800","caller":"go_forum/main.go:54","msg":"server退出了"}
{"level":"INFO","time":"2022-12-07T22:06:30.074+0800","caller":"logger/logger.go:53","msg":"初始化logger完成"}
{"level":"INFO","time":"2022-12-07T22:06:37.998+0800","caller":"go_forum/main.go:41","msg":"web server启动失败","error":"http: Server closed"}
{"level":"INFO","time":"2022-12-07T22:06:37.999+0800","caller":"go_forum/main.go:43","msg":"[Info]","程序名称":"go_forum","程序版本":"v1","server port":8080}
{"level":"INFO","time":"2022-12-07T22:06:38.000+0800","caller":"go_forum/main.go:60","msg":"server退出了"}
{"level":"INFO","time":"2022-12-07T22:07:32.941+0800","caller":"logger/logger.go:53","msg":"初始化logger完成"}
{"level":"INFO","time":"2022-12-07T22:07:43.722+0800","caller":"go_forum/main.go:40","msg":"web server启动失败","error":"http: Server closed"}
{"level":"INFO","time":"2022-12-07T22:07:43.724+0800","caller":"go_forum/main.go:55","msg":"server退出了"}
{"level":"INFO","time":"2022-12-07T22:08:59.634+0800","caller":"logger/logger.go:53","msg":"初始化logger完成"}
{"level":"INFO","time":"2022-12-07T22:09:02.416+0800","caller":"go_forum/main.go:40","msg":"web server启动失败","error":"http: Server closed"}
{"level":"INFO","time":"2022-12-07T22:09:02.418+0800","caller":"go_forum/main.go:56","msg":"server退出了"}
{"level":"INFO","time":"2022-12-07T22:13:10.539+0800","caller":"logger/logger.go:53","msg":"初始化logger完成"}
{"level":"INFO","time":"2022-12-07T22:13:12.370+0800","caller":"go_forum/main.go:41","msg":"web server启动失败","error":"http: Server closed"}
{"level":"INFO","time":"2022-12-07T22:13:12.371+0800","caller":"go_forum/main.go:55","msg":"server退出了"}
{"level":"INFO","time":"2022-12-07T22:14:30.350+0800","caller":"logger/logger.go:53","msg":"初始化logger完成"}
{"level":"INFO","time":"2022-12-07T22:14:30.422+0800","caller":"go_forum/main.go:40","msg":"[Info]","程序名称":"go_forum","程序版本":"v1","server port":8080}
{"level":"INFO","time":"2022-12-07T22:14:37.722+0800","caller":"go_forum/main.go:46","msg":"web server启动失败","error":"http: Server closed"}
{"level":"INFO","time":"2022-12-07T22:14:37.724+0800","caller":"go_forum/main.go:61","msg":"server退出了"}
{"level":"INFO","time":"2022-12-07T22:15:15.173+0800","caller":"logger/logger.go:53","msg":"初始化logger完成"}
{"level":"INFO","time":"2022-12-07T22:15:15.214+0800","caller":"go_forum/main.go:40","msg":"[Info]","程序名称":"go_forum","程序版本":"v1","server port":8080}
{"level":"INFO","time":"2022-12-07T22:15:17.578+0800","caller":"go_forum/main.go:47","msg":"web server启动失败","error":"http: Server closed"}
{"level":"INFO","time":"2022-12-07T22:15:17.581+0800","caller":"go_forum/main.go:62","msg":"server退出了"}
